Arguments: 
  C:\Program Files\nodejs\node.exe C:\Users\i\AppData\Roaming\npm\node_modules\yarn\bin\yarn.js install

PATH: 
  C:\Windows\System32;C:\Windows;C:\Windows\System32\wbem;C:\Windows\System32\WindowsPowerShell\v1.0\;C:\Windows\System32\OpenSSH\;C:\Program Files (x86)\GnuPG\bin;C:\Program Files\nodejs\;C:\Users\i\OneDrive\Develop_ENV\libs\java\jdk11\bin;C:\Users\i\OneDrive\Develop_ENV\libs\maven\bin;C:\Users\i\OneDrive\Develop_ENV\libs\git\bin;C:\Users\i\OneDrive\Develop_ENV\libs\scala\scala-2.11\bin;C:\Users\i\OneDrive\Develop_ENV\libs\Ruby\bin;C:\Program Files\Docker\Docker\resources\bin;C:\ProgramData\DockerDesktop\version-bin;C:\Users\i\OneDrive\Develop_ENV\libs\java\graalvm-jdk11\bin;;C:\WINDOWS\system32;C:\WINDOWS;C:\WINDOWS\System32\Wbem;C:\WINDOWS\System32\WindowsPowerShell\v1.0\;C:\WINDOWS\System32\OpenSSH\;C:\Users\i\AppData\Local\Microsoft\WindowsApps;;C:\Users\i\AppData\Local\Programs\Microsoft VS Code\bin;C:\Users\i\AppData\Roaming\npm;%USERPROFILE%\AppData\Local\Microsoft\WindowsApps

Yarn version: 
  1.22.10

Node version: 
  12.14.1

Platform: 
  win32 x64

Trace: 
  SyntaxError: C:\Users\i\Workspaces\idealworld\dew-baas\module\trigger\package.json: Unexpected token / in JSON at position 539
      at JSON.parse (<anonymous>)
      at C:\Users\i\AppData\Roaming\npm\node_modules\yarn\lib\cli.js:1625:59
      at Generator.next (<anonymous>)
      at step (C:\Users\i\AppData\Roaming\npm\node_modules\yarn\lib\cli.js:310:30)
      at C:\Users\i\AppData\Roaming\npm\node_modules\yarn\lib\cli.js:321:13

npm manifest: 
  {
    "name": "@dew/trigger",
    "private": true,
    "version": "1.0.0",
    "description": "Dew Serviceless CLI",
    "main": "dist/main/index",
    "files": [
      "dist"
    ],
    "keywords": [],
    "scripts": {
      "postinstall": "es4x install",
      "start": "tsc && es4x",
      "test": "es4x test index.test.ts",
      "compile": "tsc -b"
    },
    "license": "Apache-2.0",
    "author": "gudaoxuri",
    "dependencies": {"@vertx/core": "4.0.0"},
    "devDependencies": {
      "@es4x/create": "0.14.0",
      "@vertx/unit": "4.0.0",
      "typescript": "^4.0.2"
    }
  /*  "maven": {
      "groupId": "group.idealworld.dew",
      "artifactId": "framework-kernel",
      "version": "1.0.0-SNAPSHOT"
    }*/
  }

yarn manifest: 
  No manifest

Lockfile: 
  # THIS IS AN AUTOGENERATED FILE. DO NOT EDIT THIS FILE DIRECTLY.
  # yarn lockfile v1
  
  
  "@es4x/create@0.14.0":
    version "0.14.0"
    resolved "https://registry.npm.taobao.org/@es4x/create/download/@es4x/create-0.14.0.tgz#83495fae60490eddc53f72bfb7a3b15fa9bc51e4"
    integrity sha1-g0lfrmBJDt3FP3K/t6OxX6m8UeQ=
  
  "@vertx/core@4.0.0":
    version "4.0.0"
    resolved "https://registry.npm.taobao.org/@vertx/core/download/@vertx/core-4.0.0.tgz#d817cfbf8bf2f12ce7a12c85f2123621c0fb37d9"
    integrity sha1-2BfPv4vy8SznoSyF8hI2IcD7N9k=
  
  "@vertx/unit@4.0.0":
    version "4.0.0"
    resolved "https://registry.npm.taobao.org/@vertx/unit/download/@vertx/unit-4.0.0.tgz#a3e06ce3da99d77c609971e4a9499ca19a02db6b"
    integrity sha1-o+Bs49qZ13xgmXHkqUmcoZoC22s=
    dependencies:
      "@vertx/core" "4.0.0"
  
  typescript@^4.0.2:
    version "4.1.3"
    resolved "https://registry.npm.taobao.org/typescript/download/typescript-4.1.3.tgz?cache=0&sync_timestamp=1608793132976&other_urls=https%3A%2F%2Fregistry.npm.taobao.org%2Ftypescript%2Fdownload%2Ftypescript-4.1.3.tgz#519d582bd94cba0cf8934c7d8e8467e473f53bb7"
    integrity sha1-UZ1YK9lMugz4k0x9joRn5HP1O7c=
